2018-09-09 14:05:30.942  INFO 15104 --- [main] com.wyc.api.ApiApplication               : Starting ApiApplication on LAPTOP-HUO3AG9J with PID 15104 (F:\test\ApiDocServer\ApiDocServer\api\target\classes started by wyc in F:\test\ApiDocServer\ApiDocServer\common)
2018-09-09 14:05:30.946  INFO 15104 --- [main] com.wyc.api.ApiApplication               : No active profile set, falling back to default profiles: default
2018-09-09 14:05:30.994  INFO 15104 --- [main] ConfigServletWebServerApplicationContext : Refreshing org.springframework.boot.web.servlet.context.AnnotationConfigServletWebServerApplicationContext@163e4e87: startup date [Sun Sep 09 14:05:30 GMT+08:00 2018]; root of context hierarchy
2018-09-09 14:05:32.302  INFO 15104 --- [main] o.s.b.w.embedded.tomcat.TomcatWebServer  : Tomcat initialized with port(s): 8088 (http)
2018-09-09 14:05:32.321  INFO 15104 --- [main] o.apache.catalina.core.StandardService   : Starting service [Tomcat]
2018-09-09 14:05:32.321  INFO 15104 --- [main] org.apache.catalina.core.StandardEngine  : Starting Servlet Engine: Apache Tomcat/8.5.32
2018-09-09 14:05:32.324  INFO 15104 --- [localhost-startStop-1] o.a.catalina.core.AprLifecycleListener   : The APR based Apache Tomcat Native library which allows optimal performance in production environments was not found on the java.library.path: [D:\jdk8\jdk\bin;C:\WINDOWS\Sun\Java\bin;C:\WINDOWS\system32;C:\WINDOWS;C:\Program Files (x86)\Common Files\NetSarang;C:\Program Files (x86)\Intel\iCLS Client\;C:\Program Files\Intel\iCLS Client\;C:\windows\system32;C:\windows;C:\windows\System32\Wbem;C:\windows\System32\WindowsPowerShell\v1.0\;C:\Program Files (x86)\Intel\Intel(R) Management Engine Components\DAL;C:\Program Files\Intel\Intel(R) Management Engine Components\DAL;C:\Program Files (x86)\Intel\Intel(R) Management Engine Components\IPT;C:\Program Files\Intel\Intel(R) Management Engine Components\IPT;C:\Program Files (x86)\NVIDIA Corporation\PhysX\Common;D:\java\jdk\bin;D:\java\jdk\jre\bin;C:\ProgramData\Oracle\Java\javapath;D:\svn\bin;D:\mysql\mysql-5.6.35-winx64\bin;D:\gradle\gradle-1.9\bin;D:\Groovy-2.1.9\bin;D:\nexus\nexus\nexus-2.1.2\bin;D:\Python;D:\apache-maven-3.5.0\bin;%CURL_HOME%;D:\nodejs\;D:\Tesseract-OCR\tessdata\;C:\WINDOWS\system32;C:\WINDOWS;C:\WINDOWS\System32\Wbem;C:\WINDOWS\System32\WindowsPowerShell\v1.0\;C:\Program Files\Intel\WiFi\bin\;C:\Program Files\Common Files\Intel\WirelessCommon\;C:\WINDOWS\System32\OpenSSH\;C:\Users\wyc\AppData\Local\Microsoft\WindowsApps;C:\Program Files\Intel\WiFi\bin\;C:\Program Files\Common Files\Intel\WirelessCommon\;C:\Users\wyc\AppData\Local\GitHubDesktop\bin;C:\Users\wyc\AppData\Roaming\npm;%USERPROFILE%\AppData\Local\Microsoft\WindowsApps;;.]
2018-09-09 14:05:32.403  INFO 15104 --- [localhost-startStop-1] o.a.c.c.C.[Tomcat].[localhost].[/]       : Initializing Spring embedded WebApplicationContext
2018-09-09 14:05:32.403  INFO 15104 --- [localhost-startStop-1] o.s.web.context.ContextLoader            : Root WebApplicationContext: initialization completed in 1409 ms
2018-09-09 14:05:32.453  INFO 15104 --- [localhost-startStop-1] o.s.b.w.servlet.ServletRegistrationBean  : Servlet dispatcherServlet mapped to [/]
2018-09-09 14:05:32.458  INFO 15104 --- [localhost-startStop-1] o.s.b.w.servlet.FilterRegistrationBean   : Mapping filter: 'characterEncodingFilter' to: [/*]
2018-09-09 14:05:32.458  INFO 15104 --- [localhost-startStop-1] o.s.b.w.servlet.FilterRegistrationBean   : Mapping filter: 'hiddenHttpMethodFilter' to: [/*]
2018-09-09 14:05:32.458  INFO 15104 --- [localhost-startStop-1] o.s.b.w.servlet.FilterRegistrationBean   : Mapping filter: 'httpPutFormContentFilter' to: [/*]
2018-09-09 14:05:32.458  INFO 15104 --- [localhost-startStop-1] o.s.b.w.servlet.FilterRegistrationBean   : Mapping filter: 'requestContextFilter' to: [/*]
2018-09-09 14:05:32.603  INFO 15104 --- [main] o.s.w.s.handler.SimpleUrlHandlerMapping  : Mapped URL path [/**/favicon.ico] onto handler of type [class org.springframework.web.servlet.resource.ResourceHttpRequestHandler]
2018-09-09 14:05:32.802  INFO 15104 --- [main] s.w.s.m.m.a.RequestMappingHandlerAdapter : Looking for @ControllerAdvice: org.springframework.boot.web.servlet.context.AnnotationConfigServletWebServerApplicationContext@163e4e87: startup date [Sun Sep 09 14:05:30 GMT+08:00 2018]; root of context hierarchy
2018-09-09 14:05:32.849  INFO 15104 --- [main] s.w.s.m.m.a.RequestMappingHandlerMapping : Mapped "{[/api/insert],methods=[POST]}" onto public java.util.Map<java.lang.String, java.lang.Object> com.wyc.api.controller.ApiController.insert(java.lang.String)
2018-09-09 14:05:32.852  INFO 15104 --- [main] s.w.s.m.m.a.RequestMappingHandlerMapping : Mapped "{[/error]}" onto public org.springframework.http.ResponseEntity<java.util.Map<java.lang.String, java.lang.Object>> org.springframework.boot.autoconfigure.web.servlet.error.BasicErrorController.error(javax.servlet.http.HttpServletRequest)
2018-09-09 14:05:32.853  INFO 15104 --- [main] s.w.s.m.m.a.RequestMappingHandlerMapping : Mapped "{[/error],produces=[text/html]}" onto public org.springframework.web.servlet.ModelAndView org.springframework.boot.autoconfigure.web.servlet.error.BasicErrorController.errorHtml(javax.servlet.http.HttpServletRequest,javax.servlet.http.HttpServletResponse)
2018-09-09 14:05:32.880  INFO 15104 --- [main] o.s.w.s.handler.SimpleUrlHandlerMapping  : Mapped URL path [/webjars/**] onto handler of type [class org.springframework.web.servlet.resource.ResourceHttpRequestHandler]
2018-09-09 14:05:32.880  INFO 15104 --- [main] o.s.w.s.handler.SimpleUrlHandlerMapping  : Mapped URL path [/**] onto handler of type [class org.springframework.web.servlet.resource.ResourceHttpRequestHandler]
2018-09-09 14:05:33.007  INFO 15104 --- [main] o.s.j.e.a.AnnotationMBeanExporter        : Registering beans for JMX exposure on startup
2018-09-09 14:05:33.037  INFO 15104 --- [main] o.s.b.w.embedded.tomcat.TomcatWebServer  : Tomcat started on port(s): 8088 (http) with context path ''
2018-09-09 14:05:33.040  INFO 15104 --- [main] com.wyc.api.ApiApplication               : Started ApiApplication in 2.404 seconds (JVM running for 3.205)
